<?xml version="1.0" encoding="UTF-8"?>
<testsuite name="controller.MatchingScoreControllerTest" tests="8" skipped="0" failures="0" errors="0" timestamp="2025-11-17T22:22:41.298Z" hostname="ANSONWINDOWS" time="0.113">
  <properties/>
  <testcase name="testNoiseScoring()" classname="controller.MatchingScoreControllerTest" time="0.068"/>
  <testcase name="testAccessScoring()" classname="controller.MatchingScoreControllerTest" time="0.003"/>
  <testcase name="testDistanceScoring()" classname="controller.MatchingScoreControllerTest" time="0.003"/>
  <testcase name="testAmenitiesScoring()" classname="controller.MatchingScoreControllerTest" time="0.003"/>
  <testcase name="testHoursScoring()" classname="controller.MatchingScoreControllerTest" time="0.003"/>
  <testcase name="testSpaceTypeScoring()" classname="controller.MatchingScoreControllerTest" time="0.003"/>
  <testcase name="testIndoorOutdoorScoring()" classname="controller.MatchingScoreControllerTest" time="0.002"/>
  <testcase name="testTopFiveSpots()" classname="controller.MatchingScoreControllerTest" time="0.005"/>
  <system-out><![CDATA[]]></system-out>
  <system-err><![CDATA[]]></system-err>
</testsuite>
